app/build/intermediates/manifest_merge_blame_file/debug/manifest-merger-blame-debug-report.txt
1<?xml version="1.0" encoding="utf-8"?>
2<manifest xmlns:android="http://schemas.android.com/apk/res/android"
3    package="com.chau.phimplus"
4    android:versionCode="1"
5    android:versionName="1.0" >
6
7    <uses-sdk
8        android:minSdkVersion="24"
8-->src\main\AndroidManifest.xml
9        android:targetSdkVersion="30" />
9-->src\main\AndroidManifest.xml
10
11    <uses-permission android:name="android.permission.INTERNET" />
11-->src\main\AndroidManifest.xml:5:5-67
11-->src\main\AndroidManifest.xml:5:22-64
12    <uses-permission android:name="android.permission.ACCESS_NETWORK_STATE" />
12-->[com.pierfrancescosoffritti.androidyoutubeplayer:core:10.0.5] AndroidManifest.xml:12:5-79
12-->[com.pierfrancescosoffritti.androidyoutubeplayer:core:10.0.5] AndroidManifest.xml:12:22-76
13
14    <application
14-->src\main\AndroidManifest.xml:7:5-34:19
15        android:allowBackup="true"
15-->src\main\AndroidManifest.xml:8:9-35
16        android:appComponentFactory="androidx.core.app.CoreComponentFactory"
16-->[androidx.core:core:1.3.1] AndroidManifest.xml:24:18-86
17        android:debuggable="true"
18        android:extractNativeLibs="false"
19        android:icon="@mipmap/ic_launcher"
19-->src\main\AndroidManifest.xml:9:9-43
20        android:label="@string/app_name"
20-->src\main\AndroidManifest.xml:10:9-41
21        android:roundIcon="@mipmap/ic_launcher_round"
21-->src\main\AndroidManifest.xml:11:9-54
22        android:supportsRtl="true"
22-->src\main\AndroidManifest.xml:12:9-35
23        android:testOnly="true"
24        android:theme="@style/AppTheme" >
24-->src\main\AndroidManifest.xml:13:9-40
25        <activity android:name="com.chau.phimplus.ui.Account" />
25-->src\main\AndroidManifest.xml:14:9-48
25-->src\main\AndroidManifest.xml:14:19-45
26        <activity android:name="com.chau.phimplus.ui.GioHangActivity" />
26-->src\main\AndroidManifest.xml:15:9-56
26-->src\main\AndroidManifest.xml:15:19-53
27        <activity android:name="com.chau.phimplus.ui.DangKy" />
27-->src\main\AndroidManifest.xml:16:9-47
27-->src\main\AndroidManifest.xml:16:19-44
28        <activity android:name="com.chau.phimplus.ui.row_list_account" />
28-->src\main\AndroidManifest.xml:17:9-57
28-->src\main\AndroidManifest.xml:17:19-54
29        <activity android:name="com.chau.phimplus.ui.movie_detail.MainActivity_MovieDetail" />
29-->src\main\AndroidManifest.xml:18:9-77
29-->src\main\AndroidManifest.xml:18:19-75
30        <activity
30-->src\main\AndroidManifest.xml:19:9-21:52
31            android:name="com.chau.phimplus.ui.ChiTietphim"
31-->src\main\AndroidManifest.xml:20:13-43
32            android:screenOrientation="portrait" />
32-->src\main\AndroidManifest.xml:21:13-49
33        <activity
33-->src\main\AndroidManifest.xml:22:9-24:52
34            android:name="com.chau.phimplus.ui.LoginActivity"
34-->src\main\AndroidManifest.xml:23:13-45
35            android:screenOrientation="portrait" />
35-->src\main\AndroidManifest.xml:24:13-49
36        <activity
36-->src\main\AndroidManifest.xml:25:9-33:20
37            android:name="com.chau.phimplus.MainActivity"
37-->src\main\AndroidManifest.xml:26:13-41
38            android:label="@string/app_name" >
38-->src\main\AndroidManifest.xml:27:13-45
39            <intent-filter>
39-->src\main\AndroidManifest.xml:28:13-32:29
40                <action android:name="android.intent.action.MAIN" />
40-->src\main\AndroidManifest.xml:29:17-69
40-->src\main\AndroidManifest.xml:29:25-66
41
42                <category android:name="android.intent.category.LAUNCHER" />
42-->src\main\AndroidManifest.xml:31:17-77
42-->src\main\AndroidManifest.xml:31:27-74
43            </intent-filter>
44        </activity>
45
46        <provider
46-->[androidx.lifecycle:lifecycle-process:2.2.0] AndroidManifest.xml:25:9-29:43
47            android:name="androidx.lifecycle.ProcessLifecycleOwnerInitializer"
47-->[androidx.lifecycle:lifecycle-process:2.2.0] AndroidManifest.xml:26:13-79
48            android:authorities="com.chau.phimplus.lifecycle-process"
48-->[androidx.lifecycle:lifecycle-process:2.2.0] AndroidManifest.xml:27:13-69
49            android:exported="false"
49-->[androidx.lifecycle:lifecycle-process:2.2.0] AndroidManifest.xml:28:13-37
50            android:multiprocess="true" />
50-->[androidx.lifecycle:lifecycle-process:2.2.0] AndroidManifest.xml:29:13-40
51    </application>
52
53</manifest>